Flow report for 141Core
Sat May 09 15:34:52 2015
Quartus II 64-Bit Version 14.0.0 Build 200 06/17/2014 SJ Web Edition


---------------------
; Table of Contents ;
---------------------
  1. Legal Notice
  2. Flow Summary
  3. Flow Settings
  4. Flow Non-Default Global Settings
  5. Flow Elapsed Time
  6. Flow OS Summary
  7. Flow Log
  8. Flow Messages
  9. Flow Suppressed Messages



----------------
; Legal Notice ;
----------------
Copyright (C) 1991-2014 Altera Corporation. All rights reserved.
Your use of Altera Corporation's design tools, logic functions 
and other software and tools, and its AMPP partner logic 
functions, and any output files from any of the foregoing 
(including device programming or simulation files), and any 
associated documentation or information are expressly subject 
to the terms and conditions of the Altera Program License 
Subscription Agreement, the Altera Quartus II License Agreement,
the Altera MegaCore Function License Agreement, or other 
applicable license agreement, including, without limitation, 
that your use is for the sole purpose of programming logic 
devices manufactured by Altera and sold by Altera or its 
authorized distributors.  Please refer to the applicable 
agreement for further details.



+---------------------------------------------------------------------------------+
; Flow Summary                                                                    ;
+------------------------------------+--------------------------------------------+
; Flow Status                        ; Successful - Sat May 09 15:34:19 2015      ;
; Quartus II 64-Bit Version          ; 14.0.0 Build 200 06/17/2014 SJ Web Edition ;
; Revision Name                      ; 141Core                                    ;
; Top-level Entity Name              ; core_flattened                             ;
; Family                             ; Cyclone IV E                               ;
; Device                             ; EP4CE40F29C6                               ;
; Timing Models                      ; Final                                      ;
; Total logic elements               ; 5,447 / 39,600 ( 14 % )                    ;
;     Total combinational functions  ; 4,564 / 39,600 ( 12 % )                    ;
;     Dedicated logic registers      ; 2,086 / 39,600 ( 5 % )                     ;
; Total registers                    ; 2086                                       ;
; Total pins                         ; 272 / 533 ( 51 % )                         ;
; Total virtual pins                 ; 0                                          ;
; Total memory bits                  ; 16,384 / 1,161,216 ( 1 % )                 ;
; Embedded Multiplier 9-bit elements ; 0 / 232 ( 0 % )                            ;
; Total PLLs                         ; 0 / 4 ( 0 % )                              ;
+------------------------------------+--------------------------------------------+


+-----------------------------------------+
; Flow Settings                           ;
+-------------------+---------------------+
; Option            ; Setting             ;
+-------------------+---------------------+
; Start date & time ; 05/09/2015 15:25:13 ;
; Main task         ; Compilation         ;
; Revision Name     ; 141Core             ;
+-------------------+---------------------+


+-------------------------------------------------------------------------------------------------------------------------+
; Flow Non-Default Global Settings                                                                                        ;
+-------------------------------------+---------------------------------+---------------+----------------+----------------+
; Assignment Name                     ; Value                           ; Default Value ; Entity Name    ; Section Id     ;
+-------------------------------------+---------------------------------+---------------+----------------+----------------+
; COMPILER_SIGNATURE_ID               ; 171859730508833.143121031308788 ; --            ; --             ; --             ;
; EDA_OUTPUT_DATA_FORMAT              ; Systemverilog Hdl               ; --            ; --             ; eda_simulation ;
; EDA_SIMULATION_TOOL                 ; ModelSim-Altera (SystemVerilog) ; <None>        ; --             ; --             ;
; MAX_CORE_JUNCTION_TEMP              ; 85                              ; --            ; --             ; --             ;
; MIN_CORE_JUNCTION_TEMP              ; 0                               ; --            ; --             ; --             ;
; NOMINAL_CORE_SUPPLY_VOLTAGE         ; 1.2V                            ; --            ; --             ; --             ;
; PARTITION_COLOR                     ; 16764057                        ; --            ; core_flattened ; Top            ;
; PARTITION_FITTER_PRESERVATION_LEVEL ; PLACEMENT_AND_ROUTING           ; --            ; core_flattened ; Top            ;
; PARTITION_NETLIST_TYPE              ; SOURCE                          ; --            ; core_flattened ; Top            ;
; PROJECT_OUTPUT_DIRECTORY            ; output_files                    ; --            ; --             ; --             ;
; TOP_LEVEL_ENTITY                    ; core_flattened                  ; 141Core       ; --             ; --             ;
+-------------------------------------+---------------------------------+---------------+----------------+----------------+


+-------------------------------------------------------------------------------------------------------------------------------+
; Flow Elapsed Time                                                                                                             ;
+---------------------------+--------------+-------------------------+---------------------+------------------------------------+
; Module Name               ; Elapsed Time ; Average Processors Used ; Peak Virtual Memory ; Total CPU Time (on all processors) ;
+---------------------------+--------------+-------------------------+---------------------+------------------------------------+
; Analysis & Synthesis      ; 00:00:24     ; 1.0                     ; 564 MB              ; 00:00:24                           ;
; Fitter                    ; 00:08:11     ; 1.0                     ; 889 MB              ; 00:08:02                           ;
; TimeQuest Timing Analyzer ; 00:00:26     ; 1.0                     ; 777 MB              ; 00:00:24                           ;
; Total                     ; 00:09:01     ; --                      ; --                  ; 00:08:50                           ;
+---------------------------+--------------+-------------------------+---------------------+------------------------------------+


+----------------------------------------------------------------------------------------+
; Flow OS Summary                                                                        ;
+---------------------------+------------------+-----------+------------+----------------+
; Module Name               ; Machine Hostname ; OS Name   ; OS Version ; Processor type ;
+---------------------------+------------------+-----------+------------+----------------+
; Analysis & Synthesis      ; TN-PC            ; Windows 7 ; 6.1        ; x86_64         ;
; Fitter                    ; TN-PC            ; Windows 7 ; 6.1        ; x86_64         ;
; TimeQuest Timing Analyzer ; TN-PC            ; Windows 7 ; 6.1        ; x86_64         ;
+---------------------------+------------------+-----------+------------+----------------+


------------
; Flow Log ;
------------
quartus_map --read_settings_files=on --write_settings_files=off 141Core -c 141Core
quartus_fit --read_settings_files=on --write_settings_files=off 141Core -c 141Core
quartus_sta 141Core -c 141Core



